[[1;34mINFO[m] Scanning for projects...
[[1;34mINFO[m] 
[[1;34mINFO[m] [1m------------------------< [0;36mcom.dgsi:maintenance[0;1m >------------------------[m
[[1;34mINFO[m] [1mBuilding dgsi-maintenance 0.0.1-SNAPSHOT[m
[[1;34mINFO[m] [1m--------------------------------[ jar ]---------------------------------[m
[[1;34mINFO[m] 
[[1;34mINFO[m] [1m>>> [0;32mspring-boot-maven-plugin:3.3.0:run[m [1m(default-cli)[0;1m > [0;1mtest-compile[m @ [36mmaintenance[0;1m >>>[m
[[1;34mINFO[m] 
[[1;34mINFO[m] [1m--- [0;32mmaven-resources-plugin:3.3.1:resources[m [1m(default-resources)[m @ [36mmaintenance[0;1m ---[m
[[1;34mINFO[m] Copying 1 resource from src/main/resources to target/classes
[[1;34mINFO[m] Copying 3 resources from src/main/resources to target/classes
[[1;34mINFO[m] 
[[1;34mINFO[m] [1m--- [0;32mmaven-compiler-plugin:3.13.0:compile[m [1m(default-compile)[m @ [36mmaintenance[0;1m ---[m
[[1;34mINFO[m] Nothing to compile - all classes are up to date.
[[1;34mINFO[m] 
[[1;34mINFO[m] [1m--- [0;32mmaven-resources-plugin:3.3.1:testResources[m [1m(default-testResources)[m @ [36mmaintenance[0;1m ---[m
[[1;34mINFO[m] Copying 1 resource from src/test/resources to target/test-classes
[[1;34mINFO[m] 
[[1;34mINFO[m] [1m--- [0;32mmaven-compiler-plugin:3.13.0:testCompile[m [1m(default-testCompile)[m @ [36mmaintenance[0;1m ---[m
[[1;34mINFO[m] Nothing to compile - all classes are up to date.
[[1;34mINFO[m] 
[[1;34mINFO[m] [1m<<< [0;32mspring-boot-maven-plugin:3.3.0:run[m [1m(default-cli)[0;1m < [0;1mtest-compile[m @ [36mmaintenance[0;1m <<<[m
[[1;34mINFO[m] 
[[1;34mINFO[m] 
[[1;34mINFO[m] [1m--- [0;32mspring-boot-maven-plugin:3.3.0:run[m [1m(default-cli)[m @ [36mmaintenance[0;1m ---[m
[[1;34mINFO[m] Attaching agents: []
Standard Commons Logging discovery in action with spring-jcl: please remove commons-logging.jar from classpath in order to avoid potential conflicts
  .   ____          _            __ _ _
 /\\ / ___'_ __ _ _(_)_ __  __ _ \ \ \ \
( ( )\___ | '_ | '_| | '_ \/ _` | \ \ \ \
 \\/  ___)| |_)| | | | | || (_| |  ) ) ) )
  '  |____| .__|_| |_|_| |_\__, | / / / /
 =========|_|==============|___/=/_/_/_/

 :: Spring Boot ::                (v3.3.0)

2025-12-04T09:54:16.517Z  INFO 35104 --- [dgsi-maintenance] [           main] c.d.maintenance.MaintenanceApplication   : Starting MaintenanceApplication using Java 21.0.9 with PID 35104 (/home/inno/Images/projet-de-suivi-de-prestations-de-maintenance/backend/target/classes started by inno in /home/inno/Images/projet-de-suivi-de-prestations-de-maintenance/backend)
2025-12-04T09:54:16.518Z  INFO 35104 --- [dgsi-maintenance] [           main] c.d.maintenance.MaintenanceApplication   : No active profile set, falling back to 1 default profile: "default"
2025-12-04T09:54:17.209Z  INFO 35104 --- [dgsi-maintenance] [           main] .s.d.r.c.RepositoryConfigurationDelegate : Bootstrapping Spring Data JPA repositories in DEFAULT mode.
2025-12-04T09:54:17.298Z  INFO 35104 --- [dgsi-maintenance] [           main] .s.d.r.c.RepositoryConfigurationDelegate : Finished Spring Data repository scanning in 81 ms. Found 13 JPA repository interfaces.
2025-12-04T09:54:17.749Z  INFO 35104 --- [dgsi-maintenance] [           main] o.s.b.w.embedded.tomcat.TomcatWebServer  : Tomcat initialized with port 8085 (http)
2025-12-04T09:54:17.758Z  INFO 35104 --- [dgsi-maintenance] [           main] o.apache.catalina.core.StandardService   : Starting service [Tomcat]
2025-12-04T09:54:17.759Z  INFO 35104 --- [dgsi-maintenance] [           main] o.apache.catalina.core.StandardEngine    : Starting Servlet engine: [Apache Tomcat/10.1.24]
2025-12-04T09:54:17.796Z  INFO 35104 --- [dgsi-maintenance] [           main] o.a.c.c.C.[Tomcat].[localhost].[/]       : Initializing Spring embedded WebApplicationContext
2025-12-04T09:54:17.798Z  INFO 35104 --- [dgsi-maintenance] [           main] w.s.c.ServletWebServerApplicationContext : Root WebApplicationContext: initialization completed in 1244 ms
Standard Commons Logging discovery in action with spring-jcl: please remove commons-logging.jar from classpath in order to avoid potential conflicts
2025-12-04T09:54:17.958Z  INFO 35104 --- [dgsi-maintenance] [           main] o.hibernate.jpa.internal.util.LogHelper  : HHH000204: Processing PersistenceUnitInfo [name: default]
2025-12-04T09:54:17.999Z  INFO 35104 --- [dgsi-maintenance] [           main] org.hibernate.Version                    : HHH000412: Hibernate ORM core version 6.5.2.Final
2025-12-04T09:54:18.030Z  INFO 35104 --- [dgsi-maintenance] [           main] o.h.c.internal.RegionFactoryInitiator    : HHH000026: Second-level cache disabled
2025-12-04T09:54:18.249Z  INFO 35104 --- [dgsi-maintenance] [           main] o.s.o.j.p.SpringPersistenceUnitInfo      : No LoadTimeWeaver setup: ignoring JPA class transformer
2025-12-04T09:54:18.269Z  INFO 35104 --- [dgsi-maintenance] [           main] com.zaxxer.hikari.HikariDataSource       : HikariPool-1 - Starting...
2025-12-04T09:54:18.528Z  INFO 35104 --- [dgsi-maintenance] [           main] com.zaxxer.hikari.pool.HikariPool        : HikariPool-1 - Added connection org.postgresql.jdbc.PgConnection@1be77a76
2025-12-04T09:54:18.529Z  INFO 35104 --- [dgsi-maintenance] [           main] com.zaxxer.hikari.HikariDataSource       : HikariPool-1 - Start completed.
2025-12-04T09:54:18.555Z  WARN 35104 --- [dgsi-maintenance] [           main] org.hibernate.orm.deprecation            : HHH90000025: PostgreSQLDialect does not need to be specified explicitly using 'hibernate.dialect' (remove the property setting and it will be selected by default)
2025-12-04T09:54:18.647Z  WARN 35104 --- [dgsi-maintenance] [           main] o.h.boot.model.internal.EntityBinder     : HHH000457: Joined inheritance hierarchy [com.dgsi.maintenance.entity.User] defined explicit @DiscriminatorColumn.  Legacy Hibernate behavior was to ignore the @DiscriminatorColumn.  However, as part of issue HHH-6911 we now apply the explicit @DiscriminatorColumn.  If you would prefer the legacy behavior, enable the `hibernate.discriminator.ignore_explicit_for_joined` setting (hibernate.discriminator.ignore_explicit_for_joined=true)
2025-12-04T09:54:19.702Z  INFO 35104 --- [dgsi-maintenance] [           main] o.h.e.t.j.p.i.JtaPlatformInitiator       : HHH000489: No JTA platform available (set 'hibernate.transaction.jta.platform' to enable JTA platform integration)
2025-12-04T09:54:19.749Z DEBUG 35104 --- [dgsi-maintenance] [           main] org.hibernate.SQL                        : 
    alter table if exists evaluation_trimestrielle 
       alter column appreciation_representant set data type TEXT
Hibernate: 
    alter table if exists evaluation_trimestrielle 
       alter column appreciation_representant set data type TEXT
2025-12-04T09:54:19.760Z DEBUG 35104 --- [dgsi-maintenance] [           main] org.hibernate.SQL                        : 
    alter table if exists evaluation_trimestrielle 
       alter column observations_generales set data type TEXT
Hibernate: 
    alter table if exists evaluation_trimestrielle 
       alter column observations_generales set data type TEXT
2025-12-04T09:54:19.769Z DEBUG 35104 --- [dgsi-maintenance] [           main] org.hibernate.SQL                        : 
    alter table if exists fiches_prestation 
       alter column commentaire set data type TEXT
Hibernate: 
    alter table if exists fiches_prestation 
       alter column commentaire set data type TEXT
2025-12-04T09:54:19.772Z DEBUG 35104 --- [dgsi-maintenance] [           main] org.hibernate.SQL                        : 
    alter table if exists fiches_prestation 
       alter column fichiers_contrat set data type TEXT
Hibernate: 
    alter table if exists fiches_prestation 
       alter column fichiers_contrat set data type TEXT
2025-12-04T09:54:19.775Z DEBUG 35104 --- [dgsi-maintenance] [           main] org.hibernate.SQL                        : 
    alter table if exists fiches_prestation 
       alter column items_couverts set data type TEXT
Hibernate: 
    alter table if exists fiches_prestation 
       alter column items_couverts set data type TEXT
2025-12-04T09:54:19.778Z DEBUG 35104 --- [dgsi-maintenance] [           main] org.hibernate.SQL                        : 
    alter table if exists notifications 
       alter column message set data type TEXT
Hibernate: 
    alter table if exists notifications 
       alter column message set data type TEXT
2025-12-04T09:54:19.783Z DEBUG 35104 --- [dgsi-maintenance] [           main] org.hibernate.SQL                        : 
    alter table if exists prestations 
       alter column description set data type TEXT
Hibernate: 
    alter table if exists prestations 
       alter column description set data type TEXT
2025-12-04T09:54:19.788Z DEBUG 35104 --- [dgsi-maintenance] [           main] org.hibernate.SQL                        : 
    alter table if exists rapports_suivi 
       alter column observations set data type TEXT
Hibernate: 
    alter table if exists rapports_suivi 
       alter column observations set data type TEXT
2025-12-04T09:54:19.793Z DEBUG 35104 --- [dgsi-maintenance] [           main] org.hibernate.SQL                        : 
    alter table if exists rapports_suivi 
       alter column observations_contrats set data type TEXT
Hibernate: 
    alter table if exists rapports_suivi 
       alter column observations_contrats set data type TEXT
2025-12-04T09:54:19.798Z DEBUG 35104 --- [dgsi-maintenance] [           main] org.hibernate.SQL                        : 
    alter table if exists rapports_suivi 
       alter column observations_generales set data type TEXT
Hibernate: 
    alter table if exists rapports_suivi 
       alter column observations_generales set data type TEXT
2025-12-04T09:54:19.802Z DEBUG 35104 --- [dgsi-maintenance] [           main] org.hibernate.SQL                        : 
    alter table if exists rapports_suivi 
       alter column observations_items set data type TEXT
Hibernate: 
    alter table if exists rapports_suivi 
       alter column observations_items set data type TEXT
2025-12-04T09:54:19.807Z DEBUG 35104 --- [dgsi-maintenance] [           main] org.hibernate.SQL                        : 
    alter table if exists rapports_suivi 
       alter column observations_ordres set data type TEXT
Hibernate: 
    alter table if exists rapports_suivi 
       alter column observations_ordres set data type TEXT
2025-12-04T09:54:19.812Z DEBUG 35104 --- [dgsi-maintenance] [           main] org.hibernate.SQL                        : 
    alter table if exists rapports_suivi 
       alter column observations_prestations set data type TEXT
Hibernate: 
    alter table if exists rapports_suivi 
       alter column observations_prestations set data type TEXT
2025-12-04T09:54:19.817Z DEBUG 35104 --- [dgsi-maintenance] [           main] org.hibernate.SQL                        : 
    alter table if exists rapports_suivi 
       alter column observations_structures set data type TEXT
Hibernate: 
    alter table if exists rapports_suivi 
       alter column observations_structures set data type TEXT
2025-12-04T09:54:20.068Z  INFO 35104 --- [dgsi-maintenance] [           main] j.LocalContainerEntityManagerFactoryBean : Initialized JPA EntityManagerFactory for persistence unit 'default'
2025-12-04T09:54:20.279Z  INFO 35104 --- [dgsi-maintenance] [           main] o.s.d.j.r.query.QueryEnhancerFactory     : Hibernate is in classpath; If applicable, HQL parser will be used.
2025-12-04T09:54:21.247Z  INFO 35104 --- [dgsi-maintenance] [           main] r$InitializeUserDetailsManagerConfigurer : Global AuthenticationManager configured with UserDetailsService bean with name customUserDetailsService
2025-12-04T09:54:21.483Z  INFO 35104 --- [dgsi-maintenance] [           main] o.s.s.web.DefaultSecurityFilterChain     : Will secure any request with [org.springframework.security.web.session.DisableEncodeUrlFilter@6736c73e, org.springframework.security.web.context.request.async.WebAsyncManagerIntegrationFilter@4ae730ca, org.springframework.security.web.context.SecurityContextHolderFilter@2d86f17b, org.springframework.security.web.header.HeaderWriterFilter@2ba89cb2, org.springframework.web.filter.CorsFilter@62ceb371, org.springframework.security.web.authentication.logout.LogoutFilter@60a07d77, org.springframework.security.web.savedrequest.RequestCacheAwareFilter@51406cdd, org.springframework.security.web.servletapi.SecurityContextHolderAwareRequestFilter@5308c994, com.dgsi.maintenance.security.WebSecurityConfig$1@33d6886b, org.springframework.security.web.authentication.AnonymousAuthenticationFilter@6208a618, org.springframework.security.web.session.SessionManagementFilter@57f9cc7a, org.springframework.security.web.access.ExceptionTranslationFilter@6ce45045, org.springframework.security.web.access.intercept.AuthorizationFilter@5f5efbfc]
2025-12-04T09:54:21.700Z  WARN 35104 --- [dgsi-maintenance] [           main] ConfigServletWebServerApplicationContext : Exception encountered during context initialization - cancelling refresh attempt: org.springframework.context.ApplicationContextException: Failed to start bean 'webServerStartStop'
2025-12-04T09:54:21.703Z  INFO 35104 --- [dgsi-maintenance] [           main] j.LocalContainerEntityManagerFactoryBean : Closing JPA EntityManagerFactory for persistence unit 'default'
2025-12-04T09:54:21.704Z  INFO 35104 --- [dgsi-maintenance] [           main] com.zaxxer.hikari.HikariDataSource       : HikariPool-1 - Shutdown initiated...
2025-12-04T09:54:21.709Z  INFO 35104 --- [dgsi-maintenance] [           main] com.zaxxer.hikari.HikariDataSource       : HikariPool-1 - Shutdown completed.
2025-12-04T09:54:21.719Z  INFO 35104 --- [dgsi-maintenance] [           main] .s.b.a.l.ConditionEvaluationReportLogger : 

Error starting ApplicationContext. To display the condition evaluation report re-run your application with 'debug' enabled.
2025-12-04T09:54:21.730Z ERROR 35104 --- [dgsi-maintenance] [           main] o.s.boot.SpringApplication               : Application run failed

org.springframework.context.ApplicationContextException: Failed to start bean 'webServerStartStop'
	at org.springframework.context.support.DefaultLifecycleProcessor.doStart(DefaultLifecycleProcessor.java:291) ~[spring-context-6.1.8.jar:6.1.8]
	at org.springframework.context.support.DefaultLifecycleProcessor$LifecycleGroup.start(DefaultLifecycleProcessor.java:471) ~[spring-context-6.1.8.jar:6.1.8]
	at java.base/java.lang.Iterable.forEach(Iterable.java:75) ~[na:na]
	at org.springframework.context.support.DefaultLifecycleProcessor.startBeans(DefaultLifecycleProcessor.java:260) ~[spring-context-6.1.8.jar:6.1.8]
	at org.springframework.context.support.DefaultLifecycleProcessor.onRefresh(DefaultLifecycleProcessor.java:205) ~[spring-context-6.1.8.jar:6.1.8]
	at org.springframework.context.support.AbstractApplicationContext.finishRefresh(AbstractApplicationContext.java:981) ~[spring-context-6.1.8.jar:6.1.8]
	at org.springframework.context.support.AbstractApplicationContext.refresh(AbstractApplicationContext.java:627) ~[spring-context-6.1.8.jar:6.1.8]
	at org.springframework.boot.web.servlet.context.ServletWebServerApplicationContext.refresh(ServletWebServerApplicationContext.java:146) ~[spring-boot-3.3.0.jar:3.3.0]
	at org.springframework.boot.SpringApplication.refresh(SpringApplication.java:754) ~[spring-boot-3.3.0.jar:3.3.0]
	at org.springframework.boot.SpringApplication.refreshContext(SpringApplication.java:456) ~[spring-boot-3.3.0.jar:3.3.0]
	at org.springframework.boot.SpringApplication.run(SpringApplication.java:335) ~[spring-boot-3.3.0.jar:3.3.0]
	at org.springframework.boot.SpringApplication.run(SpringApplication.java:1363) ~[spring-boot-3.3.0.jar:3.3.0]
	at org.springframework.boot.SpringApplication.run(SpringApplication.java:1352) ~[spring-boot-3.3.0.jar:3.3.0]
	at com.dgsi.maintenance.MaintenanceApplication.main(MaintenanceApplication.java:9) ~[classes/:na]
Caused by: org.springframework.boot.web.server.WebServerException: Unable to start embedded Tomcat server
	at org.springframework.boot.web.embedded.tomcat.TomcatWebServer.start(TomcatWebServer.java:251) ~[spring-boot-3.3.0.jar:3.3.0]
	at org.springframework.boot.web.servlet.context.WebServerStartStopLifecycle.start(WebServerStartStopLifecycle.java:44) ~[spring-boot-3.3.0.jar:3.3.0]
	at org.springframework.context.support.DefaultLifecycleProcessor.doStart(DefaultLifecycleProcessor.java:288) ~[spring-context-6.1.8.jar:6.1.8]
	... 13 common frames omitted
Caused by: java.lang.IllegalArgumentException: standardService.connector.startFailed
	at org.apache.catalina.core.StandardService.addConnector(StandardService.java:222) ~[tomcat-embed-core-10.1.24.jar:10.1.24]
	at org.springframework.boot.web.embedded.tomcat.TomcatWebServer.addPreviouslyRemovedConnectors(TomcatWebServer.java:310) ~[spring-boot-3.3.0.jar:3.3.0]
	at org.springframework.boot.web.embedded.tomcat.TomcatWebServer.start(TomcatWebServer.java:236) ~[spring-boot-3.3.0.jar:3.3.0]
	... 15 common frames omitted
Caused by: org.apache.catalina.LifecycleException: Protocol handler start failed
	at org.apache.catalina.connector.Connector.startInternal(Connector.java:1047) ~[tomcat-embed-core-10.1.24.jar:10.1.24]
	at org.apache.catalina.util.LifecycleBase.start(LifecycleBase.java:171) ~[tomcat-embed-core-10.1.24.jar:10.1.24]
	at org.apache.catalina.core.StandardService.addConnector(StandardService.java:219) ~[tomcat-embed-core-10.1.24.jar:10.1.24]
	... 17 common frames omitted
Caused by: java.net.BindException: Adresse déjà utilisée
	at java.base/sun.nio.ch.Net.bind0(Native Method) ~[na:na]
	at java.base/sun.nio.ch.Net.bind(Net.java:565) ~[na:na]
	at java.base/sun.nio.ch.ServerSocketChannelImpl.netBind(ServerSocketChannelImpl.java:344) ~[na:na]
	at java.base/sun.nio.ch.ServerSocketChannelImpl.bind(ServerSocketChannelImpl.java:301) ~[na:na]
	at org.apache.tomcat.util.net.NioEndpoint.initServerSocket(NioEndpoint.java:239) ~[tomcat-embed-core-10.1.24.jar:10.1.24]
	at org.apache.tomcat.util.net.NioEndpoint.bind(NioEndpoint.java:194) ~[tomcat-embed-core-10.1.24.jar:10.1.24]
	at org.apache.tomcat.util.net.AbstractEndpoint.bindWithCleanup(AbstractEndpoint.java:1286) ~[tomcat-embed-core-10.1.24.jar:10.1.24]
	at org.apache.tomcat.util.net.AbstractEndpoint.start(AbstractEndpoint.java:1372) ~[tomcat-embed-core-10.1.24.jar:10.1.24]
	at org.apache.coyote.AbstractProtocol.start(AbstractProtocol.java:635) ~[tomcat-embed-core-10.1.24.jar:10.1.24]
	at org.apache.catalina.connector.Connector.startInternal(Connector.java:1044) ~[tomcat-embed-core-10.1.24.jar:10.1.24]
	... 19 common frames omitted

[[1;34mINFO[m] [1m------------------------------------------------------------------------[m
[[1;34mINFO[m] [1;31mBUILD FAILURE[m
[[1;34mINFO[m] [1m------------------------------------------------------------------------[m
[[1;34mINFO[m] Total time:  7.257 s
[[1;34mINFO[m] Finished at: 2025-12-04T09:54:21Z
[[1;34mINFO[m] [1m------------------------------------------------------------------------[m
[[1;31mERROR[m] Failed to execute goal [32morg.springframework.boot:spring-boot-maven-plugin:3.3.0:run[m [1m(default-cli)[m on project [36mmaintenance[m: [1;31mProcess terminated with exit code: 1[m -> [1m[Help 1][m
[[1;31mERROR[m] 
[[1;31mERROR[m] To see the full stack trace of the errors, re-run Maven with the [1m-e[m switch.
[[1;31mERROR[m] Re-run Maven using the [1m-X[m switch to enable full debug logging.
[[1;31mERROR[m] 
[[1;31mERROR[m] For more information about the errors and possible solutions, please read the following articles:
[[1;31mERROR[m] [1m[Help 1][m http://cwiki.apache.org/confluence/display/MAVEN/MojoExecutionException
